This file contains any messages produced by compilers while
running configure, to aid debugging if configure makes a mistake.

It was created by configure, which was
generated by GNU Autoconf 2.69.  Invocation command line was

  $ ./configure --host=arm-linux

## --------- ##
## Platform. ##
## --------- ##

hostname = vhg1
uname -m = i686
uname -r = 2.6.32.12-0.7-pae
uname -s = Linux
uname -v = #1 SMP 2010-05-20 11:14:20 +0200

/usr/bin/uname -p = unknown
/bin/uname -X     = unknown

/bin/arch              = i686
/usr/bin/arch -k       = unknown
/usr/convex/getsysinfo = unknown
/usr/bin/hostinfo      = unknown
/bin/machine           = unknown
/usr/bin/oslevel       = unknown
/bin/universe          = unknown

PATH: /usr/local/bin
PATH: /usr/bin
PATH: /bin
PATH: /usr/bin/X11
PATH: /usr/X11R6/bin
PATH: /usr/games
PATH: /usr/lib/jvm/jre/bin
PATH: /usr/lib/mit/bin
PATH: /usr/lib/mit/sbin
PATH: /home/luokunling/open-HG633/BR-R5-HG633HG658v2-20140408/output/host/usr/bin


## ----------- ##
## Core tests. ##
## ----------- ##

configure:2288: osip2                   The GNU Open SIP library.
configure:2290: Copyright (C) 2001-2012 Aymeric MOIZARD - <amoizard@antisip.com>
configure:2319: result: Configuring libosip2 4.0.0
configure:2322: result: Building Package on linux
configure:2374: checking for a BSD-compatible install
configure:2442: result: /usr/bin/install -c
configure:2453: checking whether build environment is sane
configure:2503: result: yes
configure:2552: checking for arm-linux-strip
configure:2579: result: /home/luokunling/open-HG633/BR-R5-HG633HG658v2-20140408/output/host/usr/bin/arm-hsan-linux-uclibcgnueabi-strip
configure:2644: checking for a thread-safe mkdir -p
configure:2683: result: /bin/mkdir -p
configure:2696: checking for gawk
configure:2712: found /usr/bin/gawk
configure:2723: result: gawk
configure:2734: checking whether make sets $(MAKE)
configure:2756: result: yes
configure:2855: checking build system type
configure:2869: result: i686-pc-linux-gnu
configure:2889: checking host system type
configure:2902: result: arm-unknown-linux-gnu
configure:2932: checking for arm-linux-gcc
configure:2959: result: /home/luokunling/open-HG633/BR-R5-HG633HG658v2-20140408/output/host/usr/bin/ccache /home/luokunling/open-HG633/BR-R5-HG633HG658v2-20140408/output/host/usr/bin/arm-hsan-linux-uclibcgnueabi-gcc
configure:3228: checking for C compiler version
configure:3237: /home/luokunling/open-HG633/BR-R5-HG633HG658v2-20140408/output/host/usr/bin/ccache /home/luokunling/open-HG633/BR-R5-HG633HG658v2-20140408/output/host/usr/bin/arm-hsan-linux-uclibcgnueabi-gcc --version >&5
arm-hsan-linux-uclibcgnueabi-gcc (crosstool-NG 1.13.2 - hsan-5115) 4.4.6
Copyright (C) 2010 Free Software Foundation, Inc.
This is free software; see the source for copying conditions.  There is NO
warranty; not even for MERCHANTABILITY or FITNESS FOR A PARTICULAR PURPOSE.

configure:3248: $? = 0
configure:3237: /home/luokunling/open-HG633/BR-R5-HG633HG658v2-20140408/output/host/usr/bin/ccache /home/luokunling/open-HG633/BR-R5-HG633HG658v2-20140408/output/host/usr/bin/arm-hsan-linux-uclibcgnueabi-gcc -v >&5
Using built-in specs.
Target: arm-hsan-linux-uclibcgnueabi
Configured with: /home/shentao/toolchains/hsan_TC/build/build_2.6.30/main/.build/src/gcc-4.4.6/configure --build=i686-build_pc-linux-gnu --host=i686-build_pc-linux-gnu --target=arm-hsan-linux-uclibcgnueabi --prefix=/home/shentao/toolchains/hsan_TC/build/build_2.6.30/main/../x-tools/arm-hsan-linux-uclibcgnueabi --with-sysroot=/home/shentao/toolchains/hsan_TC/build/build_2.6.30/main/../x-tools/arm-hsan-linux-uclibcgnueabi/arm-hsan-linux-uclibcgnueabi/sysroot --enable-languages=c,c++ --disable-multilib --with-float=soft --with-pkgversion='crosstool-NG 1.13.2 - hsan-5115' --enable-__cxa_atexit --disable-libmudflap --disable-libgomp --disable-libssp --with-gmp=/home/shentao/toolchains/hsan_TC/build/build_2.6.30/main/.build/arm-hsan-linux-uclibcgnueabi/build/static --with-mpfr=/home/shentao/toolchains/hsan_TC/build/build_2.6.30/main/.build/arm-hsan-linux-uclibcgnueabi/build/static --with-ppl=/home/shentao/toolchains/hsan_TC/build/build_2.6.30/main/.build/arm-hsan-linux-uclibcgnueabi/build/static --with-cloog=/home/shentao/toolchains/hsan_TC/build/build_2.6.30/main/.build/arm-hsan-linux-uclibcgnueabi/build/static --with-host-libstdcxx='-static-libgcc -Wl,-Bstatic,-lstdc++,-Bdynamic -lm' --enable-threads=posix --enable-target-optspace --with-local-prefix=/home/shentao/toolchains/hsan_TC/build/build_2.6.30/main/../x-tools/arm-hsan-linux-uclibcgnueabi/arm-hsan-linux-uclibcgnueabi/sysroot --disable-nls --enable-c99 --enable-long-long
Thread model: posix
gcc version 4.4.6 (crosstool-NG 1.13.2 - hsan-5115) 
configure:3248: $? = 0
configure:3237: /home/luokunling/open-HG633/BR-R5-HG633HG658v2-20140408/output/host/usr/bin/ccache /home/luokunling/open-HG633/BR-R5-HG633HG658v2-20140408/output/host/usr/bin/arm-hsan-linux-uclibcgnueabi-gcc -V >&5
arm-hsan-linux-uclibcgnueabi-gcc: '-V' must come at the start of the command line
configure:3248: $? = 1
configure:3237: /home/luokunling/open-HG633/BR-R5-HG633HG658v2-20140408/output/host/usr/bin/ccache /home/luokunling/open-HG633/BR-R5-HG633HG658v2-20140408/output/host/usr/bin/arm-hsan-linux-uclibcgnueabi-gcc -qversion >&5
arm-hsan-linux-uclibcgnueabi-gcc: unrecognized option '-qversion'
arm-hsan-linux-uclibcgnueabi-gcc: no input files
configure:3248: $? = 1
configure:3268: checking whether the C compiler works
configure:3290: /home/luokunling/open-HG633/BR-R5-HG633HG658v2-20140408/output/host/usr/bin/ccache /home/luokunling/open-HG633/BR-R5-HG633HG658v2-20140408/output/host/usr/bin/arm-hsan-linux-uclibcgnueabi-gcc    conftest.c  >&5
configure:3294: $? = 0
configure:3342: result: yes
configure:3345: checking for C compiler default output file name
configure:3347: result: a.out
configure:3353: checking for suffix of executables
configure:3360: /home/luokunling/open-HG633/BR-R5-HG633HG658v2-20140408/output/host/usr/bin/ccache /home/luokunling/open-HG633/BR-R5-HG633HG658v2-20140408/output/host/usr/bin/arm-hsan-linux-uclibcgnueabi-gcc -o conftest    conftest.c  >&5
configure:3364: $? = 0
configure:3386: result: 
configure:3408: checking whether we are cross compiling
configure:3416: /home/luokunling/open-HG633/BR-R5-HG633HG658v2-20140408/output/host/usr/bin/ccache /home/luokunling/open-HG633/BR-R5-HG633HG658v2-20140408/output/host/usr/bin/arm-hsan-linux-uclibcgnueabi-gcc -o conftest    conftest.c  >&5
configure:3420: $? = 0
configure:3427: ./conftest
./configure: line 3429: ./conftest: cannot execute binary file
configure:3431: $? = 126
configure:3446: result: yes
configure:3451: checking for suffix of object files
configure:3473: /home/luokunling/open-HG633/BR-R5-HG633HG658v2-20140408/output/host/usr/bin/ccache /home/luokunling/open-HG633/BR-R5-HG633HG658v2-20140408/output/host/usr/bin/arm-hsan-linux-uclibcgnueabi-gcc -c   conftest.c >&5
configure:3477: $? = 0
configure:3498: result: o
configure:3502: checking whether we are using the GNU C compiler
configure:3521: /home/luokunling/open-HG633/BR-R5-HG633HG658v2-20140408/output/host/usr/bin/ccache /home/luokunling/open-HG633/BR-R5-HG633HG658v2-20140408/output/host/usr/bin/arm-hsan-linux-uclibcgnueabi-gcc -c   conftest.c >&5
configure:3521: $? = 0
configure:3530: result: yes
configure:3539: checking whether /home/luokunling/open-HG633/BR-R5-HG633HG658v2-20140408/output/host/usr/bin/ccache /home/luokunling/open-HG633/BR-R5-HG633HG658v2-20140408/output/host/usr/bin/arm-hsan-linux-uclibcgnueabi-gcc accepts -g
configure:3559: /home/luokunling/open-HG633/BR-R5-HG633HG658v2-20140408/output/host/usr/bin/ccache /home/luokunling/open-HG633/BR-R5-HG633HG658v2-20140408/output/host/usr/bin/arm-hsan-linux-uclibcgnueabi-gcc -c -g  conftest.c >&5
configure:3559: $? = 0
configure:3600: result: yes
configure:3617: checking for /home/luokunling/open-HG633/BR-R5-HG633HG658v2-20140408/output/host/usr/bin/ccache /home/luokunling/open-HG633/BR-R5-HG633HG658v2-20140408/output/host/usr/bin/arm-hsan-linux-uclibcgnueabi-gcc option to accept ISO C89
configure:3680: /home/luokunling/open-HG633/BR-R5-HG633HG658v2-20140408/output/host/usr/bin/ccache /home/luokunling/open-HG633/BR-R5-HG633HG658v2-20140408/output/host/usr/bin/arm-hsan-linux-uclibcgnueabi-gcc  -c -g -O2 -fPIC  conftest.c >&5
configure:3680: $? = 0
configure:3693: result: none needed
configure:3724: checking for style of include used by make
configure:3752: result: GNU
configure:3778: checking dependency style of /home/luokunling/open-HG633/BR-R5-HG633HG658v2-20140408/output/host/usr/bin/ccache /home/luokunling/open-HG633/BR-R5-HG633HG658v2-20140408/output/host/usr/bin/arm-hsan-linux-uclibcgnueabi-gcc
configure:3889: result: gcc3
configure:3909: checking how to run the C preprocessor
configure:3979: result: /home/luokunling/open-HG633/BR-R5-HG633HG658v2-20140408/output/host/usr/bin/arm-hsan-linux-uclibcgnueabi-cpp
configure:3999: /home/luokunling/open-HG633/BR-R5-HG633HG658v2-20140408/output/host/usr/bin/arm-hsan-linux-uclibcgnueabi-cpp  conftest.c
configure:3999: $? = 0
configure:4013: /home/luokunling/open-HG633/BR-R5-HG633HG658v2-20140408/output/host/usr/bin/arm-hsan-linux-uclibcgnueabi-cpp  conftest.c
conftest.c:11:28: error: ac_nonexistent.h: No such file or directory
configure:4013: $? = 1
configure: failed program was:
| /* confdefs.h */
| #define PACKAGE_NAME ""
| #define PACKAGE_TARNAME ""
| #define PACKAGE_VERSION ""
| #define PACKAGE_STRING ""
| #define PACKAGE_BUGREPORT ""
| #define PACKAGE_URL ""
| #define PACKAGE "libosip2"
| #define VERSION "4.0.0"
| /* end confdefs.h.  */
| #include <ac_nonexistent.h>
configure:4347: checking for a sed that does not truncate output
configure:4411: result: /usr/bin/sed
configure:4462: checking how to print strings
configure:4489: result: printf
configure:4510: checking for a sed that does not truncate output
configure:4574: result: /usr/bin/sed
configure:4592: checking for grep that handles long lines and -e
configure:4650: result: /usr/bin/grep
configure:4655: checking for egrep
configure:4717: result: /usr/bin/grep -E
configure:4722: checking for fgrep
configure:4784: result: /usr/bin/grep -F
configure:4819: checking for ld used by /home/luokunling/open-HG633/BR-R5-HG633HG658v2-20140408/output/host/usr/bin/ccache /home/luokunling/open-HG633/BR-R5-HG633HG658v2-20140408/output/host/usr/bin/arm-hsan-linux-uclibcgnueabi-gcc
configure:4886: result: /home/luokunling/open-HG633/BR-R5-HG633HG658v2-20140408/output/host/usr/bin/arm-hsan-linux-uclibcgnueabi-ld
configure:4893: checking if the linker (/home/luokunling/open-HG633/BR-R5-HG633HG658v2-20140408/output/host/usr/bin/arm-hsan-linux-uclibcgnueabi-ld) is GNU ld
configure:4908: result: yes
configure:4920: checking for BSD- or MS-compatible name lister (nm)
configure:4969: result: /home/luokunling/open-HG633/BR-R5-HG633HG658v2-20140408/output/host/usr/bin/arm-hsan-linux-uclibcgnueabi-nm
configure:5099: checking the name lister (/home/luokunling/open-HG633/BR-R5-HG633HG658v2-20140408/output/host/usr/bin/arm-hsan-linux-uclibcgnueabi-nm) interface
configure:5106: /home/luokunling/open-HG633/BR-R5-HG633HG658v2-20140408/output/host/usr/bin/ccache /home/luokunling/open-HG633/BR-R5-HG633HG658v2-20140408/output/host/usr/bin/arm-hsan-linux-uclibcgnueabi-gcc -c -g -O2 -fPIC  conftest.c >&5
configure:5109: /home/luokunling/open-HG633/BR-R5-HG633HG658v2-20140408/output/host/usr/bin/arm-hsan-linux-uclibcgnueabi-nm "conftest.o"
configure:5112: output
00000000 B some_variable
configure:5119: result: BSD nm
configure:5122: checking whether ln -s works
configure:5126: result: yes
configure:5134: checking the maximum length of command line arguments
configure:5264: result: 805306365
configure:5281: checking whether the shell understands some XSI constructs
configure:5291: result: yes
configure:5295: checking whether the shell understands "+="
configure:5301: result: yes
configure:5336: checking how to convert i686-pc-linux-gnu file names to arm-unknown-linux-gnu format
configure:5376: result: func_convert_file_noop
configure:5383: checking how to convert i686-pc-linux-gnu file names to toolchain format
configure:5403: result: func_convert_file_noop
configure:5410: checking for /home/luokunling/open-HG633/BR-R5-HG633HG658v2-20140408/output/host/usr/bin/arm-hsan-linux-uclibcgnueabi-ld option to reload object files
configure:5417: result: -r
configure:5451: checking for arm-linux-objdump
configure:5478: result: /home/luokunling/open-HG633/BR-R5-HG633HG658v2-20140408/output/host/usr/bin/arm-hsan-linux-uclibcgnueabi-objdump
configure:5547: checking how to recognize dependent libraries
configure:5745: result: pass_all
configure:5790: checking for arm-linux-dlltool
configure:5817: result: dlltool
configure:5887: checking how to associate runtime and link libraries
configure:5914: result: printf %s\n
configure:5931: checking for arm-linux-ar
configure:5958: result: /home/luokunling/open-HG633/BR-R5-HG633HG658v2-20140408/output/host/usr/bin/arm-hsan-linux-uclibcgnueabi-ar
configure:6039: checking for archiver @FILE support
configure:6056: /home/luokunling/open-HG633/BR-R5-HG633HG658v2-20140408/output/host/usr/bin/ccache /home/luokunling/open-HG633/BR-R5-HG633HG658v2-20140408/output/host/usr/bin/arm-hsan-linux-uclibcgnueabi-gcc -c -g -O2 -fPIC  conftest.c >&5
configure:6056: $? = 0
configure:6059: /home/luokunling/open-HG633/BR-R5-HG633HG658v2-20140408/output/host/usr/bin/arm-hsan-linux-uclibcgnueabi-ar cru libconftest.a @conftest.lst >&5
configure:6062: $? = 0
configure:6067: /home/luokunling/open-HG633/BR-R5-HG633HG658v2-20140408/output/host/usr/bin/arm-hsan-linux-uclibcgnueabi-ar cru libconftest.a @conftest.lst >&5
/home/luokunling/open-HG633/BR-R5-HG633HG658v2-20140408/output/host/usr/bin/arm-hsan-linux-uclibcgnueabi-ar: conftest.o: No such file or directory
configure:6070: $? = 1
configure:6082: result: @
configure:6100: checking for arm-linux-strip
configure:6127: result: /home/luokunling/open-HG633/BR-R5-HG633HG658v2-20140408/output/host/usr/bin/arm-hsan-linux-uclibcgnueabi-strip
configure:6199: checking for arm-linux-ranlib
configure:6226: result: /home/luokunling/open-HG633/BR-R5-HG633HG658v2-20140408/output/host/usr/bin/arm-hsan-linux-uclibcgnueabi-ranlib
configure:6368: checking command to parse /home/luokunling/open-HG633/BR-R5-HG633HG658v2-20140408/output/host/usr/bin/arm-hsan-linux-uclibcgnueabi-nm output from /home/luokunling/open-HG633/BR-R5-HG633HG658v2-20140408/output/host/usr/bin/ccache /home/luokunling/open-HG633/BR-R5-HG633HG658v2-20140408/output/host/usr/bin/arm-hsan-linux-uclibcgnueabi-gcc object
configure:6488: /home/luokunling/open-HG633/BR-R5-HG633HG658v2-20140408/output/host/usr/bin/ccache /home/luokunling/open-HG633/BR-R5-HG633HG658v2-20140408/output/host/usr/bin/arm-hsan-linux-uclibcgnueabi-gcc -c -g -O2 -fPIC  conftest.c >&5
configure:6491: $? = 0
configure:6495: /home/luokunling/open-HG633/BR-R5-HG633HG658v2-20140408/output/host/usr/bin/arm-hsan-linux-uclibcgnueabi-nm conftest.o \| sed -n -e 's/^.*[ ]\([ABCDGIRSTW][ABCDGIRSTW]*\)[ ][ ]*\([_A-Za-z][_A-Za-z0-9]*\)$/\1 \2 \2/p' | sed '/ __gnu_lto/d' \> conftest.nm
configure:6498: $? = 0
configure:6564: /home/luokunling/open-HG633/BR-R5-HG633HG658v2-20140408/output/host/usr/bin/ccache /home/luokunling/open-HG633/BR-R5-HG633HG658v2-20140408/output/host/usr/bin/arm-hsan-linux-uclibcgnueabi-gcc -o conftest -g -O2 -fPIC   conftest.c conftstm.o >&5
configure:6567: $? = 0
configure:6605: result: ok
configure:6642: checking for sysroot
configure:6672: result: no
configure:6888: checking for arm-linux-mt
configure:6918: result: no
configure:6928: checking for mt
configure:6944: found /usr/bin/mt
configure:6955: result: mt
configure:6967: WARNING: using cross tools not prefixed with host triplet
configure:6978: checking if mt is a manifest tool
configure:6984: mt '-?'
mt: invalid option -- ?
configure:6992: result: no
configure:7630: checking for ANSI C header files
configure:7650: /home/luokunling/open-HG633/BR-R5-HG633HG658v2-20140408/output/host/usr/bin/ccache /home/luokunling/open-HG633/BR-R5-HG633HG658v2-20140408/output/host/usr/bin/arm-hsan-linux-uclibcgnueabi-gcc -c -g -O2 -fPIC  conftest.c >&5
configure:7650: $? = 0
configure:7734: result: yes
configure:7747: checking for sys/types.h
configure:7747: /home/luokunling/open-HG633/BR-R5-HG633HG658v2-20140408/output/host/usr/bin/ccache /home/luokunling/open-HG633/BR-R5-HG633HG658v2-20140408/output/host/usr/bin/arm-hsan-linux-uclibcgnueabi-gcc -c -g -O2 -fPIC  conftest.c >&5
configure:7747: $? = 0
configure:7747: result: yes
configure:7747: checking for sys/stat.h
configure:7747: /home/luokunling/open-HG633/BR-R5-HG633HG658v2-20140408/output/host/usr/bin/ccache /home/luokunling/open-HG633/BR-R5-HG633HG658v2-20140408/output/host/usr/bin/arm-hsan-linux-uclibcgnueabi-gcc -c -g -O2 -fPIC  conftest.c >&5
configure:7747: $? = 0
configure:7747: result: yes
configure:7747: checking for stdlib.h
configure:7747: /home/luokunling/open-HG633/BR-R5-HG633HG658v2-20140408/output/host/usr/bin/ccache /home/luokunling/open-HG633/BR-R5-HG633HG658v2-20140408/output/host/usr/bin/arm-hsan-linux-uclibcgnueabi-gcc -c -g -O2 -fPIC  conftest.c >&5
configure:7747: $? = 0
configure:7747: result: yes
configure:7747: checking for string.h
configure:7747: /home/luokunling/open-HG633/BR-R5-HG633HG658v2-20140408/output/host/usr/bin/ccache /home/luokunling/open-HG633/BR-R5-HG633HG658v2-20140408/output/host/usr/bin/arm-hsan-linux-uclibcgnueabi-gcc -c -g -O2 -fPIC  conftest.c >&5
configure:7747: $? = 0
configure:7747: result: yes
configure:7747: checking for memory.h
configure:7747: /home/luokunling/open-HG633/BR-R5-HG633HG658v2-20140408/output/host/usr/bin/ccache /home/luokunling/open-HG633/BR-R5-HG633HG658v2-20140408/output/host/usr/bin/arm-hsan-linux-uclibcgnueabi-gcc -c -g -O2 -fPIC  conftest.c >&5
configure:7747: $? = 0
configure:7747: result: yes
configure:7747: checking for strings.h
configure:7747: /home/luokunling/open-HG633/BR-R5-HG633HG658v2-20140408/output/host/usr/bin/ccache /home/luokunling/open-HG633/BR-R5-HG633HG658v2-20140408/output/host/usr/bin/arm-hsan-linux-uclibcgnueabi-gcc -c -g -O2 -fPIC  conftest.c >&5
configure:7747: $? = 0
configure:7747: result: yes
configure:7747: checking for inttypes.h
configure:7747: /home/luokunling/open-HG633/BR-R5-HG633HG658v2-20140408/output/host/usr/bin/ccache /home/luokunling/open-HG633/BR-R5-HG633HG658v2-20140408/output/host/usr/bin/arm-hsan-linux-uclibcgnueabi-gcc -c -g -O2 -fPIC  conftest.c >&5
configure:7747: $? = 0
configure:7747: result: yes
configure:7747: checking for stdint.h
configure:7747: /home/luokunling/open-HG633/BR-R5-HG633HG658v2-20140408/output/host/usr/bin/ccache /home/luokunling/open-HG633/BR-R5-HG633HG658v2-20140408/output/host/usr/bin/arm-hsan-linux-uclibcgnueabi-gcc -c -g -O2 -fPIC  conftest.c >&5
configure:7747: $? = 0
configure:7747: result: yes
configure:7747: checking for unistd.h
configure:7747: /home/luokunling/open-HG633/BR-R5-HG633HG658v2-20140408/output/host/usr/bin/ccache /home/luokunling/open-HG633/BR-R5-HG633HG658v2-20140408/output/host/usr/bin/arm-hsan-linux-uclibcgnueabi-gcc -c -g -O2 -fPIC  conftest.c >&5
configure:7747: $? = 0
configure:7747: result: yes
configure:7761: checking for dlfcn.h
configure:7761: /home/luokunling/open-HG633/BR-R5-HG633HG658v2-20140408/output/host/usr/bin/ccache /home/luokunling/open-HG633/BR-R5-HG633HG658v2-20140408/output/host/usr/bin/arm-hsan-linux-uclibcgnueabi-gcc -c -g -O2 -fPIC  conftest.c >&5
configure:7761: $? = 0
configure:7761: result: yes
configure:7965: checking for objdir
configure:7980: result: .libs
configure:8247: checking if /home/luokunling/open-HG633/BR-R5-HG633HG658v2-20140408/output/host/usr/bin/ccache /home/luokunling/open-HG633/BR-R5-HG633HG658v2-20140408/output/host/usr/bin/arm-hsan-linux-uclibcgnueabi-gcc supports -fno-rtti -fno-exceptions
configure:8265: /home/luokunling/open-HG633/BR-R5-HG633HG658v2-20140408/output/host/usr/bin/ccache /home/luokunling/open-HG633/BR-R5-HG633HG658v2-20140408/output/host/usr/bin/arm-hsan-linux-uclibcgnueabi-gcc -c -g -O2 -fPIC  -fno-rtti -fno-exceptions conftest.c >&5
cc1: warning: command line option "-fno-rtti" is valid for C++/ObjC++ but not for C
cc1: warning: command line option "-fno-rtti" is valid for C++/ObjC++ but not for C
configure:8269: $? = 0
configure:8282: result: no
configure:8609: checking for /home/luokunling/open-HG633/BR-R5-HG633HG658v2-20140408/output/host/usr/bin/ccache /home/luokunling/open-HG633/BR-R5-HG633HG658v2-20140408/output/host/usr/bin/arm-hsan-linux-uclibcgnueabi-gcc option to produce PIC
configure:8616: result: -fPIC -DPIC
configure:8624: checking if /home/luokunling/open-HG633/BR-R5-HG633HG658v2-20140408/output/host/usr/bin/ccache /home/luokunling/open-HG633/BR-R5-HG633HG658v2-20140408/output/host/usr/bin/arm-hsan-linux-uclibcgnueabi-gcc PIC flag -fPIC -DPIC works
configure:8642: /home/luokunling/open-HG633/BR-R5-HG633HG658v2-20140408/output/host/usr/bin/ccache /home/luokunling/open-HG633/BR-R5-HG633HG658v2-20140408/output/host/usr/bin/arm-hsan-linux-uclibcgnueabi-gcc -c -g -O2 -fPIC  -fPIC -DPIC -DPIC conftest.c >&5
configure:8646: $? = 0
configure:8659: result: yes
configure:8688: checking if /home/luokunling/open-HG633/BR-R5-HG633HG658v2-20140408/output/host/usr/bin/ccache /home/luokunling/open-HG633/BR-R5-HG633HG658v2-20140408/output/host/usr/bin/arm-hsan-linux-uclibcgnueabi-gcc static flag -static works
configure:8716: result: yes
configure:8731: checking if /home/luokunling/open-HG633/BR-R5-HG633HG658v2-20140408/output/host/usr/bin/ccache /home/luokunling/open-HG633/BR-R5-HG633HG658v2-20140408/output/host/usr/bin/arm-hsan-linux-uclibcgnueabi-gcc supports -c -o file.o
configure:8752: /home/luokunling/open-HG633/BR-R5-HG633HG658v2-20140408/output/host/usr/bin/ccache /home/luokunling/open-HG633/BR-R5-HG633HG658v2-20140408/output/host/usr/bin/arm-hsan-linux-uclibcgnueabi-gcc -c -g -O2 -fPIC  -o out/conftest2.o conftest.c >&5
configure:8756: $? = 0
configure:8778: result: yes
configure:8786: checking if /home/luokunling/open-HG633/BR-R5-HG633HG658v2-20140408/output/host/usr/bin/ccache /home/luokunling/open-HG633/BR-R5-HG633HG658v2-20140408/output/host/usr/bin/arm-hsan-linux-uclibcgnueabi-gcc supports -c -o file.o
configure:8833: result: yes
configure:8866: checking whether the /home/luokunling/open-HG633/BR-R5-HG633HG658v2-20140408/output/host/usr/bin/ccache /home/luokunling/open-HG633/BR-R5-HG633HG658v2-20140408/output/host/usr/bin/arm-hsan-linux-uclibcgnueabi-gcc linker (/home/luokunling/open-HG633/BR-R5-HG633HG658v2-20140408/output/host/usr/bin/arm-hsan-linux-uclibcgnueabi-ld) supports shared libraries
configure:10023: result: yes
configure:10060: checking whether -lc should be explicitly linked in
configure:10068: /home/luokunling/open-HG633/BR-R5-HG633HG658v2-20140408/output/host/usr/bin/ccache /home/luokunling/open-HG633/BR-R5-HG633HG658v2-20140408/output/host/usr/bin/arm-hsan-linux-uclibcgnueabi-gcc -c -g -O2 -fPIC  conftest.c >&5
configure:10071: $? = 0
configure:10086: /home/luokunling/open-HG633/BR-R5-HG633HG658v2-20140408/output/host/usr/bin/ccache /home/luokunling/open-HG633/BR-R5-HG633HG658v2-20140408/output/host/usr/bin/arm-hsan-linux-uclibcgnueabi-gcc -shared  -fPIC -DPIC conftest.o  -v -Wl,-soname -Wl,conftest -o conftest 2\>\&1 \| /usr/bin/grep  -lc  \>/dev/null 2\>\&1
configure:10089: $? = 0
configure:10103: result: no
configure:10263: checking dynamic linker characteristics
configure:10763: /home/luokunling/open-HG633/BR-R5-HG633HG658v2-20140408/output/host/usr/bin/ccache /home/luokunling/open-HG633/BR-R5-HG633HG658v2-20140408/output/host/usr/bin/arm-hsan-linux-uclibcgnueabi-gcc -o conftest -g -O2 -fPIC   -Wl,-rpath -Wl,/foo conftest.c  >&5
configure:10763: $? = 0
configure:10997: result: GNU/Linux ld.so
configure:11104: checking how to hardcode library paths into programs
configure:11129: result: immediate
configure:11669: checking whether stripping libraries is possible
configure:11674: result: yes
configure:11709: checking if libtool supports shared libraries
configure:11711: result: yes
configure:11714: checking whether to build shared libraries
configure:11735: result: yes
configure:11738: checking whether to build static libraries
configure:11742: result: yes
configure:11992: checking for the pthreads library -lpthreads
configure:12025: /home/luokunling/open-HG633/BR-R5-HG633HG658v2-20140408/output/host/usr/bin/ccache /home/luokunling/open-HG633/BR-R5-HG633HG658v2-20140408/output/host/usr/bin/arm-hsan-linux-uclibcgnueabi-gcc -o conftest -g -O2 -fPIC    conftest.c -lpthreads  >&5
/opt/toolchain_hisi_ipsec/arm-hsan-linux-uclibcgnueabi/bin/../lib/gcc/arm-hsan-linux-uclibcgnueabi/4.4.6/../../../../arm-hsan-linux-uclibcgnueabi/bin/ld: cannot find -lpthreads
collect2: ld returned 1 exit status
configure:12025: $? = 1
configure: failed program was:
| /* confdefs.h */
| #define PACKAGE_NAME ""
| #define PACKAGE_TARNAME ""
| #define PACKAGE_VERSION ""
| #define PACKAGE_STRING ""
| #define PACKAGE_BUGREPORT ""
| #define PACKAGE_URL ""
| #define PACKAGE "libosip2"
| #define VERSION "4.0.0"
| #define STDC_HEADERS 1
| #define HAVE_SYS_TYPES_H 1
| #define HAVE_SYS_STAT_H 1
| #define HAVE_STDLIB_H 1
| #define HAVE_STRING_H 1
| #define HAVE_MEMORY_H 1
| #define HAVE_STRINGS_H 1
| #define HAVE_INTTYPES_H 1
| #define HAVE_STDINT_H 1
| #define HAVE_UNISTD_H 1
| #define HAVE_DLFCN_H 1
| #define LT_OBJDIR ".libs/"
| /* end confdefs.h.  */
| #include <pthread.h>
| int
| main ()
| {
| pthread_t th; pthread_join(th, 0);
|                      pthread_attr_init(0); pthread_cleanup_push(0, 0);
|                      pthread_create(0,0,0,0); pthread_cleanup_pop(0);
|   ;
|   return 0;
| }
configure:12034: result: no
configure:11981: checking whether pthreads work without any flags
configure:12025: /home/luokunling/open-HG633/BR-R5-HG633HG658v2-20140408/output/host/usr/bin/ccache /home/luokunling/open-HG633/BR-R5-HG633HG658v2-20140408/output/host/usr/bin/arm-hsan-linux-uclibcgnueabi-gcc -o conftest -g -O2 -fPIC    conftest.c   >&5
/tmp/ccZCprtQ.o: In function `main':
/home/luokunling/open-HG633/BR-R5-HG633HG658v2-20140408/output/build/libosip2/libosip2/conftest.c:27: undefined reference to `pthread_join'
/home/luokunling/open-HG633/BR-R5-HG633HG658v2-20140408/output/build/libosip2/libosip2/conftest.c:28: undefined reference to `__pthread_register_cancel'
/home/luokunling/open-HG633/BR-R5-HG633HG658v2-20140408/output/build/libosip2/libosip2/conftest.c:29: undefined reference to `pthread_create'
/home/luokunling/open-HG633/BR-R5-HG633HG658v2-20140408/output/build/libosip2/libosip2/conftest.c:29: undefined reference to `__pthread_unregister_cancel'
collect2: ld returned 1 exit status
configure:12025: $? = 1
configure: failed program was:
| /* confdefs.h */
| #define PACKAGE_NAME ""
| #define PACKAGE_TARNAME ""
| #define PACKAGE_VERSION ""
| #define PACKAGE_STRING ""
| #define PACKAGE_BUGREPORT ""
| #define PACKAGE_URL ""
| #define PACKAGE "libosip2"
| #define VERSION "4.0.0"
| #define STDC_HEADERS 1
| #define HAVE_SYS_TYPES_H 1
| #define HAVE_SYS_STAT_H 1
| #define HAVE_STDLIB_H 1
| #define HAVE_STRING_H 1
| #define HAVE_MEMORY_H 1
| #define HAVE_STRINGS_H 1
| #define HAVE_INTTYPES_H 1
| #define HAVE_STDINT_H 1
| #define HAVE_UNISTD_H 1
| #define HAVE_DLFCN_H 1
| #define LT_OBJDIR ".libs/"
| /* end confdefs.h.  */
| #include <pthread.h>
| int
| main ()
| {
| pthread_t th; pthread_join(th, 0);
|                      pthread_attr_init(0); pthread_cleanup_push(0, 0);
|                      pthread_create(0,0,0,0); pthread_cleanup_pop(0);
|   ;
|   return 0;
| }
configure:12034: result: no
configure:11986: checking whether pthreads work with -Kthread
configure:12025: /home/luokunling/open-HG633/BR-R5-HG633HG658v2-20140408/output/host/usr/bin/ccache /home/luokunling/open-HG633/BR-R5-HG633HG658v2-20140408/output/host/usr/bin/arm-hsan-linux-uclibcgnueabi-gcc -o conftest -g -O2 -fPIC -Kthread   conftest.c   >&5
arm-hsan-linux-uclibcgnueabi-gcc: unrecognized option '-Kthread'
/tmp/ccguXnPU.o: In function `main':
/home/luokunling/open-HG633/BR-R5-HG633HG658v2-20140408/output/build/libosip2/libosip2/conftest.c:27: undefined reference to `pthread_join'
/home/luokunling/open-HG633/BR-R5-HG633HG658v2-20140408/output/build/libosip2/libosip2/conftest.c:28: undefined reference to `__pthread_register_cancel'
/home/luokunling/open-HG633/BR-R5-HG633HG658v2-20140408/output/build/libosip2/libosip2/conftest.c:29: undefined reference to `pthread_create'
/home/luokunling/open-HG633/BR-R5-HG633HG658v2-20140408/output/build/libosip2/libosip2/conftest.c:29: undefined reference to `__pthread_unregister_cancel'
collect2: ld returned 1 exit status
configure:12025: $? = 1
configure: failed program was:
| /* confdefs.h */
| #define PACKAGE_NAME ""
| #define PACKAGE_TARNAME ""
| #define PACKAGE_VERSION ""
| #define PACKAGE_STRING ""
| #define PACKAGE_BUGREPORT ""
| #define PACKAGE_URL ""
| #define PACKAGE "libosip2"
| #define VERSION "4.0.0"
| #define STDC_HEADERS 1
| #define HAVE_SYS_TYPES_H 1
| #define HAVE_SYS_STAT_H 1
| #define HAVE_STDLIB_H 1
| #define HAVE_STRING_H 1
| #define HAVE_MEMORY_H 1
| #define HAVE_STRINGS_H 1
| #define HAVE_INTTYPES_H 1
| #define HAVE_STDINT_H 1
| #define HAVE_UNISTD_H 1
| #define HAVE_DLFCN_H 1
| #define LT_OBJDIR ".libs/"
| /* end confdefs.h.  */
| #include <pthread.h>
| int
| main ()
| {
| pthread_t th; pthread_join(th, 0);
|                      pthread_attr_init(0); pthread_cleanup_push(0, 0);
|                      pthread_create(0,0,0,0); pthread_cleanup_pop(0);
|   ;
|   return 0;
| }
configure:12034: result: no
configure:11986: checking whether pthreads work with -kthread
configure:12025: /home/luokunling/open-HG633/BR-R5-HG633HG658v2-20140408/output/host/usr/bin/ccache /home/luokunling/open-HG633/BR-R5-HG633HG658v2-20140408/output/host/usr/bin/arm-hsan-linux-uclibcgnueabi-gcc -o conftest -g -O2 -fPIC -kthread   conftest.c   >&5
arm-hsan-linux-uclibcgnueabi-gcc: unrecognized option '-kthread'
/tmp/ccHUVK8Z.o: In function `main':
/home/luokunling/open-HG633/BR-R5-HG633HG658v2-20140408/output/build/libosip2/libosip2/conftest.c:27: undefined reference to `pthread_join'
/home/luokunling/open-HG633/BR-R5-HG633HG658v2-20140408/output/build/libosip2/libosip2/conftest.c:28: undefined reference to `__pthread_register_cancel'
/home/luokunling/open-HG633/BR-R5-HG633HG658v2-20140408/output/build/libosip2/libosip2/conftest.c:29: undefined reference to `pthread_create'
/home/luokunling/open-HG633/BR-R5-HG633HG658v2-20140408/output/build/libosip2/libosip2/conftest.c:29: undefined reference to `__pthread_unregister_cancel'
collect2: ld returned 1 exit status
configure:12025: $? = 1
configure: failed program was:
| /* confdefs.h */
| #define PACKAGE_NAME ""
| #define PACKAGE_TARNAME ""
| #define PACKAGE_VERSION ""
| #define PACKAGE_STRING ""
| #define PACKAGE_BUGREPORT ""
| #define PACKAGE_URL ""
| #define PACKAGE "libosip2"
| #define VERSION "4.0.0"
| #define STDC_HEADERS 1
| #define HAVE_SYS_TYPES_H 1
| #define HAVE_SYS_STAT_H 1
| #define HAVE_STDLIB_H 1
| #define HAVE_STRING_H 1
| #define HAVE_MEMORY_H 1
| #define HAVE_STRINGS_H 1
| #define HAVE_INTTYPES_H 1
| #define HAVE_STDINT_H 1
| #define HAVE_UNISTD_H 1
| #define HAVE_DLFCN_H 1
| #define LT_OBJDIR ".libs/"
| /* end confdefs.h.  */
| #include <pthread.h>
| int
| main ()
| {
| pthread_t th; pthread_join(th, 0);
|                      pthread_attr_init(0); pthread_cleanup_push(0, 0);
|                      pthread_create(0,0,0,0); pthread_cleanup_pop(0);
|   ;
|   return 0;
| }
configure:12034: result: no
configure:11992: checking for the pthreads library -llthread
configure:12025: /home/luokunling/open-HG633/BR-R5-HG633HG658v2-20140408/output/host/usr/bin/ccache /home/luokunling/open-HG633/BR-R5-HG633HG658v2-20140408/output/host/usr/bin/arm-hsan-linux-uclibcgnueabi-gcc -o conftest -g -O2 -fPIC    conftest.c -llthread  >&5
/opt/toolchain_hisi_ipsec/arm-hsan-linux-uclibcgnueabi/bin/../lib/gcc/arm-hsan-linux-uclibcgnueabi/4.4.6/../../../../arm-hsan-linux-uclibcgnueabi/bin/ld: cannot find -llthread
collect2: ld returned 1 exit status
configure:12025: $? = 1
configure: failed program was:
| /* confdefs.h */
| #define PACKAGE_NAME ""
| #define PACKAGE_TARNAME ""
| #define PACKAGE_VERSION ""
| #define PACKAGE_STRING ""
| #define PACKAGE_BUGREPORT ""
| #define PACKAGE_URL ""
| #define PACKAGE "libosip2"
| #define VERSION "4.0.0"
| #define STDC_HEADERS 1
| #define HAVE_SYS_TYPES_H 1
| #define HAVE_SYS_STAT_H 1
| #define HAVE_STDLIB_H 1
| #define HAVE_STRING_H 1
| #define HAVE_MEMORY_H 1
| #define HAVE_STRINGS_H 1
| #define HAVE_INTTYPES_H 1
| #define HAVE_STDINT_H 1
| #define HAVE_UNISTD_H 1
| #define HAVE_DLFCN_H 1
| #define LT_OBJDIR ".libs/"
| /* end confdefs.h.  */
| #include <pthread.h>
| int
| main ()
| {
| pthread_t th; pthread_join(th, 0);
|                      pthread_attr_init(0); pthread_cleanup_push(0, 0);
|                      pthread_create(0,0,0,0); pthread_cleanup_pop(0);
|   ;
|   return 0;
| }
configure:12034: result: no
configure:11986: checking whether pthreads work with -pthread
configure:12025: /home/luokunling/open-HG633/BR-R5-HG633HG658v2-20140408/output/host/usr/bin/ccache /home/luokunling/open-HG633/BR-R5-HG633HG658v2-20140408/output/host/usr/bin/arm-hsan-linux-uclibcgnueabi-gcc -o conftest -g -O2 -fPIC -pthread   conftest.c   >&5
configure:12025: $? = 0
configure:12034: result: yes
configure:12054: checking for joinable pthread attribute
configure:12067: /home/luokunling/open-HG633/BR-R5-HG633HG658v2-20140408/output/host/usr/bin/ccache /home/luokunling/open-HG633/BR-R5-HG633HG658v2-20140408/output/host/usr/bin/arm-hsan-linux-uclibcgnueabi-gcc -o conftest -g -O2 -fPIC -pthread   conftest.c   >&5
configure:12067: $? = 0
configure:12099: result: PTHREAD_CREATE_JOINABLE
configure:12106: checking if more special flags are required for pthreads
configure:12113: result: no
configure:12125: checking for cc_r
configure:12153: result: /home/luokunling/open-HG633/BR-R5-HG633HG658v2-20140408/output/host/usr/bin/ccache /home/luokunling/open-HG633/BR-R5-HG633HG658v2-20140408/output/host/usr/bin/arm-hsan-linux-uclibcgnueabi-gcc
configure:12239: checking semaphore.h usability
configure:12239: /home/luokunling/open-HG633/BR-R5-HG633HG658v2-20140408/output/host/usr/bin/ccache /home/luokunling/open-HG633/BR-R5-HG633HG658v2-20140408/output/host/usr/bin/arm-hsan-linux-uclibcgnueabi-gcc -c -g -O2 -fPIC  conftest.c >&5
configure:12239: $? = 0
configure:12239: result: yes
configure:12239: checking semaphore.h presence
configure:12239: /home/luokunling/open-HG633/BR-R5-HG633HG658v2-20140408/output/host/usr/bin/arm-hsan-linux-uclibcgnueabi-cpp  conftest.c
configure:12239: $? = 0
configure:12239: result: yes
configure:12239: checking for semaphore.h
configure:12239: result: yes
configure:12251: checking sys/sem.h usability
configure:12251: /home/luokunling/open-HG633/BR-R5-HG633HG658v2-20140408/output/host/usr/bin/ccache /home/luokunling/open-HG633/BR-R5-HG633HG658v2-20140408/output/host/usr/bin/arm-hsan-linux-uclibcgnueabi-gcc -c -g -O2 -fPIC  conftest.c >&5
configure:12251: $? = 0
configure:12251: result: yes
configure:12251: checking sys/sem.h presence
configure:12251: /home/luokunling/open-HG633/BR-R5-HG633HG658v2-20140408/output/host/usr/bin/arm-hsan-linux-uclibcgnueabi-cpp  conftest.c
configure:12251: $? = 0
configure:12251: result: yes
configure:12251: checking for sys/sem.h
configure:12251: result: yes
configure:12284: Cross compiling osip.
configure:12346: checking for sem_open in -lposix4
configure:12371: /home/luokunling/open-HG633/BR-R5-HG633HG658v2-20140408/output/host/usr/bin/ccache /home/luokunling/open-HG633/BR-R5-HG633HG658v2-20140408/output/host/usr/bin/arm-hsan-linux-uclibcgnueabi-gcc -o conftest -g  -fPIC   conftest.c -lposix4   >&5
/opt/toolchain_hisi_ipsec/arm-hsan-linux-uclibcgnueabi/bin/../lib/gcc/arm-hsan-linux-uclibcgnueabi/4.4.6/../../../../arm-hsan-linux-uclibcgnueabi/bin/ld: cannot find -lposix4
collect2: ld returned 1 exit status
configure:12371: $? = 1
configure: failed program was:
| /* confdefs.h */
| #define PACKAGE_NAME ""
| #define PACKAGE_TARNAME ""
| #define PACKAGE_VERSION ""
| #define PACKAGE_STRING ""
| #define PACKAGE_BUGREPORT ""
| #define PACKAGE_URL ""
| #define PACKAGE "libosip2"
| #define VERSION "4.0.0"
| #define STDC_HEADERS 1
| #define HAVE_SYS_TYPES_H 1
| #define HAVE_SYS_STAT_H 1
| #define HAVE_STDLIB_H 1
| #define HAVE_STRING_H 1
| #define HAVE_MEMORY_H 1
| #define HAVE_STRINGS_H 1
| #define HAVE_INTTYPES_H 1
| #define HAVE_STDINT_H 1
| #define HAVE_UNISTD_H 1
| #define HAVE_DLFCN_H 1
| #define LT_OBJDIR ".libs/"
| #define HAVE_PTHREAD 1
| #define HAVE_SEMAPHORE_H 1
| #define HAVE_SYS_SEM_H 1
| /* end confdefs.h.  */
| 
| /* Override any GCC internal prototype to avoid an error.
|    Use char because int might match the return type of a GCC
|    builtin and then its argument prototype would still apply.  */
| #ifdef __cplusplus
| extern "C"
| #endif
| char sem_open ();
| int
| main ()
| {
| return sem_open ();
|   ;
|   return 0;
| }
configure:12380: result: no
configure:12386: checking for nis_add in -lnsl
configure:12411: /home/luokunling/open-HG633/BR-R5-HG633HG658v2-20140408/output/host/usr/bin/ccache /home/luokunling/open-HG633/BR-R5-HG633HG658v2-20140408/output/host/usr/bin/arm-hsan-linux-uclibcgnueabi-gcc -o conftest -g  -fPIC   conftest.c -lnsl   >&5
/tmp/cctrPHNY.o: In function `main':
/home/luokunling/open-HG633/BR-R5-HG633HG658v2-20140408/output/build/libosip2/libosip2/conftest.c:37: undefined reference to `nis_add'
collect2: ld returned 1 exit status
configure:12411: $? = 1
configure: failed program was:
| /* confdefs.h */
| #define PACKAGE_NAME ""
| #define PACKAGE_TARNAME ""
| #define PACKAGE_VERSION ""
| #define PACKAGE_STRING ""
| #define PACKAGE_BUGREPORT ""
| #define PACKAGE_URL ""
| #define PACKAGE "libosip2"
| #define VERSION "4.0.0"
| #define STDC_HEADERS 1
| #define HAVE_SYS_TYPES_H 1
| #define HAVE_SYS_STAT_H 1
| #define HAVE_STDLIB_H 1
| #define HAVE_STRING_H 1
| #define HAVE_MEMORY_H 1
| #define HAVE_STRINGS_H 1
| #define HAVE_INTTYPES_H 1
| #define HAVE_STDINT_H 1
| #define HAVE_UNISTD_H 1
| #define HAVE_DLFCN_H 1
| #define LT_OBJDIR ".libs/"
| #define HAVE_PTHREAD 1
| #define HAVE_SEMAPHORE_H 1
| #define HAVE_SYS_SEM_H 1
| /* end confdefs.h.  */
| 
| /* Override any GCC internal prototype to avoid an error.
|    Use char because int might match the return type of a GCC
|    builtin and then its argument prototype would still apply.  */
| #ifdef __cplusplus
| extern "C"
| #endif
| char nis_add ();
| int
| main ()
| {
| return nis_add ();
|   ;
|   return 0;
| }
configure:12420: result: no
configure:12426: checking for sendto in -lsocket
configure:12451: /home/luokunling/open-HG633/BR-R5-HG633HG658v2-20140408/output/host/usr/bin/ccache /home/luokunling/open-HG633/BR-R5-HG633HG658v2-20140408/output/host/usr/bin/arm-hsan-linux-uclibcgnueabi-gcc -o conftest -g  -fPIC   conftest.c -lsocket   >&5
/opt/toolchain_hisi_ipsec/arm-hsan-linux-uclibcgnueabi/bin/../lib/gcc/arm-hsan-linux-uclibcgnueabi/4.4.6/../../../../arm-hsan-linux-uclibcgnueabi/bin/ld: cannot find -lsocket
collect2: ld returned 1 exit status
configure:12451: $? = 1
configure: failed program was:
| /* confdefs.h */
| #define PACKAGE_NAME ""
| #define PACKAGE_TARNAME ""
| #define PACKAGE_VERSION ""
| #define PACKAGE_STRING ""
| #define PACKAGE_BUGREPORT ""
| #define PACKAGE_URL ""
| #define PACKAGE "libosip2"
| #define VERSION "4.0.0"
| #define STDC_HEADERS 1
| #define HAVE_SYS_TYPES_H 1
| #define HAVE_SYS_STAT_H 1
| #define HAVE_STDLIB_H 1
| #define HAVE_STRING_H 1
| #define HAVE_MEMORY_H 1
| #define HAVE_STRINGS_H 1
| #define HAVE_INTTYPES_H 1
| #define HAVE_STDINT_H 1
| #define HAVE_UNISTD_H 1
| #define HAVE_DLFCN_H 1
| #define LT_OBJDIR ".libs/"
| #define HAVE_PTHREAD 1
| #define HAVE_SEMAPHORE_H 1
| #define HAVE_SYS_SEM_H 1
| /* end confdefs.h.  */
| 
| /* Override any GCC internal prototype to avoid an error.
|    Use char because int might match the return type of a GCC
|    builtin and then its argument prototype would still apply.  */
| #ifdef __cplusplus
| extern "C"
| #endif
| char sendto ();
| int
| main ()
| {
| return sendto ();
|   ;
|   return 0;
| }
configure:12460: result: no
configure:12466: checking for lrand48 in -lc
configure:12491: /home/luokunling/open-HG633/BR-R5-HG633HG658v2-20140408/output/host/usr/bin/ccache /home/luokunling/open-HG633/BR-R5-HG633HG658v2-20140408/output/host/usr/bin/arm-hsan-linux-uclibcgnueabi-gcc -o conftest -g  -fPIC   conftest.c -lc   >&5
configure:12491: $? = 0
configure:12500: result: yes
configure:12509: checking whether -Wall works
configure:12528: /home/luokunling/open-HG633/BR-R5-HG633HG658v2-20140408/output/host/usr/bin/ccache /home/luokunling/open-HG633/BR-R5-HG633HG658v2-20140408/output/host/usr/bin/arm-hsan-linux-uclibcgnueabi-gcc -c -g  -fPIC -Wall conftest.c >&5
configure:12528: $? = 0
configure:12537: result: yes
configure:12544: checking whether -Wcast-align works
configure:12563: /home/luokunling/open-HG633/BR-R5-HG633HG658v2-20140408/output/host/usr/bin/ccache /home/luokunling/open-HG633/BR-R5-HG633HG658v2-20140408/output/host/usr/bin/arm-hsan-linux-uclibcgnueabi-gcc -c -g  -fPIC -Wcast-align conftest.c >&5
configure:12563: $? = 0
configure:12572: result: yes
configure:12579: checking whether -Wchar-subscripts works
configure:12598: /home/luokunling/open-HG633/BR-R5-HG633HG658v2-20140408/output/host/usr/bin/ccache /home/luokunling/open-HG633/BR-R5-HG633HG658v2-20140408/output/host/usr/bin/arm-hsan-linux-uclibcgnueabi-gcc -c -g  -fPIC -Wchar-subscripts conftest.c >&5
configure:12598: $? = 0
configure:12607: result: yes
configure:12614: checking whether -Wformat works
configure:12633: /home/luokunling/open-HG633/BR-R5-HG633HG658v2-20140408/output/host/usr/bin/ccache /home/luokunling/open-HG633/BR-R5-HG633HG658v2-20140408/output/host/usr/bin/arm-hsan-linux-uclibcgnueabi-gcc -c -g  -fPIC -Wformat conftest.c >&5
configure:12633: $? = 0
configure:12642: result: yes
configure:12649: checking whether -Winline works
configure:12668: /home/luokunling/open-HG633/BR-R5-HG633HG658v2-20140408/output/host/usr/bin/ccache /home/luokunling/open-HG633/BR-R5-HG633HG658v2-20140408/output/host/usr/bin/arm-hsan-linux-uclibcgnueabi-gcc -c -g  -fPIC -Winline conftest.c >&5
configure:12668: $? = 0
configure:12677: result: yes
configure:12684: checking whether -Wmissing-declarations works
configure:12703: /home/luokunling/open-HG633/BR-R5-HG633HG658v2-20140408/output/host/usr/bin/ccache /home/luokunling/open-HG633/BR-R5-HG633HG658v2-20140408/output/host/usr/bin/arm-hsan-linux-uclibcgnueabi-gcc -c -g  -fPIC -Wmissing-declarations conftest.c >&5
configure:12703: $? = 0
configure:12712: result: yes
configure:12719: checking whether -Wmissing-prototypes works
configure:12738: /home/luokunling/open-HG633/BR-R5-HG633HG658v2-20140408/output/host/usr/bin/ccache /home/luokunling/open-HG633/BR-R5-HG633HG658v2-20140408/output/host/usr/bin/arm-hsan-linux-uclibcgnueabi-gcc -c -g  -fPIC -Wmissing-prototypes conftest.c >&5
configure:12738: $? = 0
configure:12747: result: yes
configure:12754: checking whether -Wnested-externs works
configure:12773: /home/luokunling/open-HG633/BR-R5-HG633HG658v2-20140408/output/host/usr/bin/ccache /home/luokunling/open-HG633/BR-R5-HG633HG658v2-20140408/output/host/usr/bin/arm-hsan-linux-uclibcgnueabi-gcc -c -g  -fPIC -Wnested-externs conftest.c >&5
configure:12773: $? = 0
configure:12782: result: yes
configure:12789: checking whether -Wpointer-arith works
configure:12808: /home/luokunling/open-HG633/BR-R5-HG633HG658v2-20140408/output/host/usr/bin/ccache /home/luokunling/open-HG633/BR-R5-HG633HG658v2-20140408/output/host/usr/bin/arm-hsan-linux-uclibcgnueabi-gcc -c -g  -fPIC -Wpointer-arith conftest.c >&5
configure:12808: $? = 0
configure:12817: result: yes
configure:12837: checking for ANSI C header files
configure:12941: result: yes
configure:12951: checking for string.h
configure:12951: result: yes
configure:12963: checking for strings.h
configure:12963: result: yes
configure:12975: checking for stdlib.h
configure:12975: result: yes
configure:12987: checking for unistd.h
configure:12987: result: yes
configure:12999: checking for sys/types.h
configure:12999: result: yes
configure:13012: checking sys/unistd.h usability
configure:13012: /home/luokunling/open-HG633/BR-R5-HG633HG658v2-20140408/output/host/usr/bin/ccache /home/luokunling/open-HG633/BR-R5-HG633HG658v2-20140408/output/host/usr/bin/arm-hsan-linux-uclibcgnueabi-gcc -c -g  -fPIC  -Wall -Wcast-align -Wchar-subscripts -Wformat -Winline -Wmissing-declarations -Wmissing-prototypes -Wnested-externs -Wpointer-arith conftest.c >&5
configure:13012: $? = 0
configure:13012: result: yes
configure:13012: checking sys/unistd.h presence
configure:13012: /home/luokunling/open-HG633/BR-R5-HG633HG658v2-20140408/output/host/usr/bin/arm-hsan-linux-uclibcgnueabi-cpp  -Wall -Wcast-align -Wchar-subscripts -Wformat -Winline -Wmissing-declarations -Wmissing-prototypes -Wnested-externs -Wpointer-arith conftest.c
configure:13012: $? = 0
configure:13012: result: yes
configure:13012: checking for sys/unistd.h
configure:13012: result: yes
configure:13024: checking syslog.h usability
configure:13024: /home/luokunling/open-HG633/BR-R5-HG633HG658v2-20140408/output/host/usr/bin/ccache /home/luokunling/open-HG633/BR-R5-HG633HG658v2-20140408/output/host/usr/bin/arm-hsan-linux-uclibcgnueabi-gcc -c -g  -fPIC  -Wall -Wcast-align -Wchar-subscripts -Wformat -Winline -Wmissing-declarations -Wmissing-prototypes -Wnested-externs -Wpointer-arith conftest.c >&5
configure:13024: $? = 0
configure:13024: result: yes
configure:13024: checking syslog.h presence
configure:13024: /home/luokunling/open-HG633/BR-R5-HG633HG658v2-20140408/output/host/usr/bin/arm-hsan-linux-uclibcgnueabi-cpp  -Wall -Wcast-align -Wchar-subscripts -Wformat -Winline -Wmissing-declarations -Wmissing-prototypes -Wnested-externs -Wpointer-arith conftest.c
configure:13024: $? = 0
configure:13024: result: yes
configure:13024: checking for syslog.h
configure:13024: result: yes
configure:13036: checking ctype.h usability
configure:13036: /home/luokunling/open-HG633/BR-R5-HG633HG658v2-20140408/output/host/usr/bin/ccache /home/luokunling/open-HG633/BR-R5-HG633HG658v2-20140408/output/host/usr/bin/arm-hsan-linux-uclibcgnueabi-gcc -c -g  -fPIC  -Wall -Wcast-align -Wchar-subscripts -Wformat -Winline -Wmissing-declarations -Wmissing-prototypes -Wnested-externs -Wpointer-arith conftest.c >&5
configure:13036: $? = 0
configure:13036: result: yes
configure:13036: checking ctype.h presence
configure:13036: /home/luokunling/open-HG633/BR-R5-HG633HG658v2-20140408/output/host/usr/bin/arm-hsan-linux-uclibcgnueabi-cpp  -Wall -Wcast-align -Wchar-subscripts -Wformat -Winline -Wmissing-declarations -Wmissing-prototypes -Wnested-externs -Wpointer-arith conftest.c
configure:13036: $? = 0
configure:13036: result: yes
configure:13036: checking for ctype.h
configure:13036: result: yes
configure:13048: checking stdio.h usability
configure:13048: /home/luokunling/open-HG633/BR-R5-HG633HG658v2-20140408/output/host/usr/bin/ccache /home/luokunling/open-HG633/BR-R5-HG633HG658v2-20140408/output/host/usr/bin/arm-hsan-linux-uclibcgnueabi-gcc -c -g  -fPIC  -Wall -Wcast-align -Wchar-subscripts -Wformat -Winline -Wmissing-declarations -Wmissing-prototypes -Wnested-externs -Wpointer-arith conftest.c >&5
configure:13048: $? = 0
configure:13048: result: yes
configure:13048: checking stdio.h presence
configure:13048: /home/luokunling/open-HG633/BR-R5-HG633HG658v2-20140408/output/host/usr/bin/arm-hsan-linux-uclibcgnueabi-cpp  -Wall -Wcast-align -Wchar-subscripts -Wformat -Winline -Wmissing-declarations -Wmissing-prototypes -Wnested-externs -Wpointer-arith conftest.c
configure:13048: $? = 0
configure:13048: result: yes
configure:13048: checking for stdio.h
configure:13048: result: yes
configure:13060: checking stdarg.h usability
configure:13060: /home/luokunling/open-HG633/BR-R5-HG633HG658v2-20140408/output/host/usr/bin/ccache /home/luokunling/open-HG633/BR-R5-HG633HG658v2-20140408/output/host/usr/bin/arm-hsan-linux-uclibcgnueabi-gcc -c -g  -fPIC  -Wall -Wcast-align -Wchar-subscripts -Wformat -Winline -Wmissing-declarations -Wmissing-prototypes -Wnested-externs -Wpointer-arith conftest.c >&5
configure:13060: $? = 0
configure:13060: result: yes
configure:13060: checking stdarg.h presence
configure:13060: /home/luokunling/open-HG633/BR-R5-HG633HG658v2-20140408/output/host/usr/bin/arm-hsan-linux-uclibcgnueabi-cpp  -Wall -Wcast-align -Wchar-subscripts -Wformat -Winline -Wmissing-declarations -Wmissing-prototypes -Wnested-externs -Wpointer-arith conftest.c
configure:13060: $? = 0
configure:13060: result: yes
configure:13060: checking for stdarg.h
configure:13060: result: yes
configure:13072: checking varargs.h usability
configure:13072: /home/luokunling/open-HG633/BR-R5-HG633HG658v2-20140408/output/host/usr/bin/ccache /home/luokunling/open-HG633/BR-R5-HG633HG658v2-20140408/output/host/usr/bin/arm-hsan-linux-uclibcgnueabi-gcc -c -g  -fPIC  -Wall -Wcast-align -Wchar-subscripts -Wformat -Winline -Wmissing-declarations -Wmissing-prototypes -Wnested-externs -Wpointer-arith conftest.c >&5
In file included from conftest.c:71:
/opt/toolchain_hisi_ipsec/arm-hsan-linux-uclibcgnueabi/bin/../lib/gcc/arm-hsan-linux-uclibcgnueabi/4.4.6/include/varargs.h:4:2: error: #error "GCC no longer implements <varargs.h>."
/opt/toolchain_hisi_ipsec/arm-hsan-linux-uclibcgnueabi/bin/../lib/gcc/arm-hsan-linux-uclibcgnueabi/4.4.6/include/varargs.h:5:2: error: #error "Revise your code to use <stdarg.h>."
configure:13072: $? = 1
configure: failed program was:
| /* confdefs.h */
| #define PACKAGE_NAME ""
| #define PACKAGE_TARNAME ""
| #define PACKAGE_VERSION ""
| #define PACKAGE_STRING ""
| #define PACKAGE_BUGREPORT ""
| #define PACKAGE_URL ""
| #define PACKAGE "libosip2"
| #define VERSION "4.0.0"
| #define STDC_HEADERS 1
| #define HAVE_SYS_TYPES_H 1
| #define HAVE_SYS_STAT_H 1
| #define HAVE_STDLIB_H 1
| #define HAVE_STRING_H 1
| #define HAVE_MEMORY_H 1
| #define HAVE_STRINGS_H 1
| #define HAVE_INTTYPES_H 1
| #define HAVE_STDINT_H 1
| #define HAVE_UNISTD_H 1
| #define HAVE_DLFCN_H 1
| #define LT_OBJDIR ".libs/"
| #define HAVE_PTHREAD 1
| #define HAVE_SEMAPHORE_H 1
| #define HAVE_SYS_SEM_H 1
| #define HAVE_LRAND48 /**/
| #define STDC_HEADERS 1
| #define HAVE_STRING_H 1
| #define HAVE_STRINGS_H 1
| #define HAVE_STDLIB_H 1
| #define HAVE_UNISTD_H 1
| #define HAVE_SYS_TYPES_H 1
| #define HAVE_SYS_UNISTD_H 1
| #define HAVE_SYSLOG_H 1
| #define HAVE_CTYPE_H 1
| #define HAVE_STDIO_H 1
| #define HAVE_STDARG_H 1
| /* end confdefs.h.  */
| #include <stdio.h>
| #ifdef HAVE_SYS_TYPES_H
| # include <sys/types.h>
| #endif
| #ifdef HAVE_SYS_STAT_H
| # include <sys/stat.h>
| #endif
| #ifdef STDC_HEADERS
| # include <stdlib.h>
| # include <stddef.h>
| #else
| # ifdef HAVE_STDLIB_H
| #  include <stdlib.h>
| # endif
| #endif
| #ifdef HAVE_STRING_H
| # if !defined STDC_HEADERS && defined HAVE_MEMORY_H
| #  include <memory.h>
| # endif
| # include <string.h>
| #endif
| #ifdef HAVE_STRINGS_H
| # include <strings.h>
| #endif
| #ifdef HAVE_INTTYPES_H
| # include <inttypes.h>
| #endif
| #ifdef HAVE_STDINT_H
| # include <stdint.h>
| #endif
| #ifdef HAVE_UNISTD_H
| # include <unistd.h>
| #endif
| #include <varargs.h>
configure:13072: result: no
configure:13072: checking varargs.h presence
configure:13072: /home/luokunling/open-HG633/BR-R5-HG633HG658v2-20140408/output/host/usr/bin/arm-hsan-linux-uclibcgnueabi-cpp  -Wall -Wcast-align -Wchar-subscripts -Wformat -Winline -Wmissing-declarations -Wmissing-prototypes -Wnested-externs -Wpointer-arith conftest.c
In file included from conftest.c:38:
/opt/toolchain_hisi_ipsec/arm-hsan-linux-uclibcgnueabi/bin/../lib/gcc/arm-hsan-linux-uclibcgnueabi/4.4.6/include/varargs.h:4:2: error: #error "GCC no longer implements <varargs.h>."
/opt/toolchain_hisi_ipsec/arm-hsan-linux-uclibcgnueabi/bin/../lib/gcc/arm-hsan-linux-uclibcgnueabi/4.4.6/include/varargs.h:5:2: error: #error "Revise your code to use <stdarg.h>."
configure:13072: $? = 1
configure: failed program was:
| /* confdefs.h */
| #define PACKAGE_NAME ""
| #define PACKAGE_TARNAME ""
| #define PACKAGE_VERSION ""
| #define PACKAGE_STRING ""
| #define PACKAGE_BUGREPORT ""
| #define PACKAGE_URL ""
| #define PACKAGE "libosip2"
| #define VERSION "4.0.0"
| #define STDC_HEADERS 1
| #define HAVE_SYS_TYPES_H 1
| #define HAVE_SYS_STAT_H 1
| #define HAVE_STDLIB_H 1
| #define HAVE_STRING_H 1
| #define HAVE_MEMORY_H 1
| #define HAVE_STRINGS_H 1
| #define HAVE_INTTYPES_H 1
| #define HAVE_STDINT_H 1
| #define HAVE_UNISTD_H 1
| #define HAVE_DLFCN_H 1
| #define LT_OBJDIR ".libs/"
| #define HAVE_PTHREAD 1
| #define HAVE_SEMAPHORE_H 1
| #define HAVE_SYS_SEM_H 1
| #define HAVE_LRAND48 /**/
| #define STDC_HEADERS 1
| #define HAVE_STRING_H 1
| #define HAVE_STRINGS_H 1
| #define HAVE_STDLIB_H 1
| #define HAVE_UNISTD_H 1
| #define HAVE_SYS_TYPES_H 1
| #define HAVE_SYS_UNISTD_H 1
| #define HAVE_SYSLOG_H 1
| #define HAVE_CTYPE_H 1
| #define HAVE_STDIO_H 1
| #define HAVE_STDARG_H 1
| /* end confdefs.h.  */
| #include <varargs.h>
configure:13072: result: no
configure:13072: checking for varargs.h
configure:13072: result: no
configure:13084: checking fcntl.h usability
configure:13084: /home/luokunling/open-HG633/BR-R5-HG633HG658v2-20140408/output/host/usr/bin/ccache /home/luokunling/open-HG633/BR-R5-HG633HG658v2-20140408/output/host/usr/bin/arm-hsan-linux-uclibcgnueabi-gcc -c -g  -fPIC  -Wall -Wcast-align -Wchar-subscripts -Wformat -Winline -Wmissing-declarations -Wmissing-prototypes -Wnested-externs -Wpointer-arith conftest.c >&5
configure:13084: $? = 0
configure:13084: result: yes
configure:13084: checking fcntl.h presence
configure:13084: /home/luokunling/open-HG633/BR-R5-HG633HG658v2-20140408/output/host/usr/bin/arm-hsan-linux-uclibcgnueabi-cpp  -Wall -Wcast-align -Wchar-subscripts -Wformat -Winline -Wmissing-declarations -Wmissing-prototypes -Wnested-externs -Wpointer-arith conftest.c
configure:13084: $? = 0
configure:13084: result: yes
configure:13084: checking for fcntl.h
configure:13084: result: yes
configure:13096: checking time.h usability
configure:13096: /home/luokunling/open-HG633/BR-R5-HG633HG658v2-20140408/output/host/usr/bin/ccache /home/luokunling/open-HG633/BR-R5-HG633HG658v2-20140408/output/host/usr/bin/arm-hsan-linux-uclibcgnueabi-gcc -c -g  -fPIC  -Wall -Wcast-align -Wchar-subscripts -Wformat -Winline -Wmissing-declarations -Wmissing-prototypes -Wnested-externs -Wpointer-arith conftest.c >&5
configure:13096: $? = 0
configure:13096: result: yes
configure:13096: checking time.h presence
configure:13096: /home/luokunling/open-HG633/BR-R5-HG633HG658v2-20140408/output/host/usr/bin/arm-hsan-linux-uclibcgnueabi-cpp  -Wall -Wcast-align -Wchar-subscripts -Wformat -Winline -Wmissing-declarations -Wmissing-prototypes -Wnested-externs -Wpointer-arith conftest.c
configure:13096: $? = 0
configure:13096: result: yes
configure:13096: checking for time.h
configure:13096: result: yes
configure:13108: checking sys/time.h usability
configure:13108: /home/luokunling/open-HG633/BR-R5-HG633HG658v2-20140408/output/host/usr/bin/ccache /home/luokunling/open-HG633/BR-R5-HG633HG658v2-20140408/output/host/usr/bin/arm-hsan-linux-uclibcgnueabi-gcc -c -g  -fPIC  -Wall -Wcast-align -Wchar-subscripts -Wformat -Winline -Wmissing-declarations -Wmissing-prototypes -Wnested-externs -Wpointer-arith conftest.c >&5
configure:13108: $? = 0
configure:13108: result: yes
configure:13108: checking sys/time.h presence
configure:13108: /home/luokunling/open-HG633/BR-R5-HG633HG658v2-20140408/output/host/usr/bin/arm-hsan-linux-uclibcgnueabi-cpp  -Wall -Wcast-align -Wchar-subscripts -Wformat -Winline -Wmissing-declarations -Wmissing-prototypes -Wnested-externs -Wpointer-arith conftest.c
configure:13108: $? = 0
configure:13108: result: yes
configure:13108: checking for sys/time.h
configure:13108: result: yes
configure:13120: checking sys/select.h usability
configure:13120: /home/luokunling/open-HG633/BR-R5-HG633HG658v2-20140408/output/host/usr/bin/ccache /home/luokunling/open-HG633/BR-R5-HG633HG658v2-20140408/output/host/usr/bin/arm-hsan-linux-uclibcgnueabi-gcc -c -g  -fPIC  -Wall -Wcast-align -Wchar-subscripts -Wformat -Winline -Wmissing-declarations -Wmissing-prototypes -Wnested-externs -Wpointer-arith conftest.c >&5
configure:13120: $? = 0
configure:13120: result: yes
configure:13120: checking sys/select.h presence
configure:13120: /home/luokunling/open-HG633/BR-R5-HG633HG658v2-20140408/output/host/usr/bin/arm-hsan-linux-uclibcgnueabi-cpp  -Wall -Wcast-align -Wchar-subscripts -Wformat -Winline -Wmissing-declarations -Wmissing-prototypes -Wnested-externs -Wpointer-arith conftest.c
configure:13120: $? = 0
configure:13120: result: yes
configure:13120: checking for sys/select.h
configure:13120: result: yes
configure:13132: checking assert.h usability
configure:13132: /home/luokunling/open-HG633/BR-R5-HG633HG658v2-20140408/output/host/usr/bin/ccache /home/luokunling/open-HG633/BR-R5-HG633HG658v2-20140408/output/host/usr/bin/arm-hsan-linux-uclibcgnueabi-gcc -c -g  -fPIC  -Wall -Wcast-align -Wchar-subscripts -Wformat -Winline -Wmissing-declarations -Wmissing-prototypes -Wnested-externs -Wpointer-arith conftest.c >&5
configure:13132: $? = 0
configure:13132: result: yes
configure:13132: checking assert.h presence
configure:13132: /home/luokunling/open-HG633/BR-R5-HG633HG658v2-20140408/output/host/usr/bin/arm-hsan-linux-uclibcgnueabi-cpp  -Wall -Wcast-align -Wchar-subscripts -Wformat -Winline -Wmissing-declarations -Wmissing-prototypes -Wnested-externs -Wpointer-arith conftest.c
configure:13132: $? = 0
configure:13132: result: yes
configure:13132: checking for assert.h
configure:13132: result: yes
configure:13144: checking signal.h usability
configure:13144: /home/luokunling/open-HG633/BR-R5-HG633HG658v2-20140408/output/host/usr/bin/ccache /home/luokunling/open-HG633/BR-R5-HG633HG658v2-20140408/output/host/usr/bin/arm-hsan-linux-uclibcgnueabi-gcc -c -g  -fPIC  -Wall -Wcast-align -Wchar-subscripts -Wformat -Winline -Wmissing-declarations -Wmissing-prototypes -Wnested-externs -Wpointer-arith conftest.c >&5
configure:13144: $? = 0
configure:13144: result: yes
configure:13144: checking signal.h presence
configure:13144: /home/luokunling/open-HG633/BR-R5-HG633HG658v2-20140408/output/host/usr/bin/arm-hsan-linux-uclibcgnueabi-cpp  -Wall -Wcast-align -Wchar-subscripts -Wformat -Winline -Wmissing-declarations -Wmissing-prototypes -Wnested-externs -Wpointer-arith conftest.c
configure:13144: $? = 0
configure:13144: result: yes
configure:13144: checking for signal.h
configure:13144: result: yes
configure:13156: checking sys/signal.h usability
configure:13156: /home/luokunling/open-HG633/BR-R5-HG633HG658v2-20140408/output/host/usr/bin/ccache /home/luokunling/open-HG633/BR-R5-HG633HG658v2-20140408/output/host/usr/bin/arm-hsan-linux-uclibcgnueabi-gcc -c -g  -fPIC  -Wall -Wcast-align -Wchar-subscripts -Wformat -Winline -Wmissing-declarations -Wmissing-prototypes -Wnested-externs -Wpointer-arith conftest.c >&5
configure:13156: $? = 0
configure:13156: result: yes
configure:13156: checking sys/signal.h presence
configure:13156: /home/luokunling/open-HG633/BR-R5-HG633HG658v2-20140408/output/host/usr/bin/arm-hsan-linux-uclibcgnueabi-cpp  -Wall -Wcast-align -Wchar-subscripts -Wformat -Winline -Wmissing-declarations -Wmissing-prototypes -Wnested-externs -Wpointer-arith conftest.c
configure:13156: $? = 0
configure:13156: result: yes
configure:13156: checking for sys/signal.h
configure:13156: result: yes
configure:13168: checking malloc.h usability
configure:13168: /home/luokunling/open-HG633/BR-R5-HG633HG658v2-20140408/output/host/usr/bin/ccache /home/luokunling/open-HG633/BR-R5-HG633HG658v2-20140408/output/host/usr/bin/arm-hsan-linux-uclibcgnueabi-gcc -c -g  -fPIC  -Wall -Wcast-align -Wchar-subscripts -Wformat -Winline -Wmissing-declarations -Wmissing-prototypes -Wnested-externs -Wpointer-arith conftest.c >&5
configure:13168: $? = 0
configure:13168: result: yes
configure:13168: checking malloc.h presence
configure:13168: /home/luokunling/open-HG633/BR-R5-HG633HG658v2-20140408/output/host/usr/bin/arm-hsan-linux-uclibcgnueabi-cpp  -Wall -Wcast-align -Wchar-subscripts -Wformat -Winline -Wmissing-declarations -Wmissing-prototypes -Wnested-externs -Wpointer-arith conftest.c
configure:13168: $? = 0
configure:13168: result: yes
configure:13168: checking for malloc.h
configure:13168: result: yes
configure:13179: checking for struct timeval
configure:13179: /home/luokunling/open-HG633/BR-R5-HG633HG658v2-20140408/output/host/usr/bin/ccache /home/luokunling/open-HG633/BR-R5-HG633HG658v2-20140408/output/host/usr/bin/arm-hsan-linux-uclibcgnueabi-gcc -c -g  -fPIC  -Wall -Wcast-align -Wchar-subscripts -Wformat -Winline -Wmissing-declarations -Wmissing-prototypes -Wnested-externs -Wpointer-arith conftest.c >&5
configure:13179: $? = 0
configure:13179: /home/luokunling/open-HG633/BR-R5-HG633HG658v2-20140408/output/host/usr/bin/ccache /home/luokunling/open-HG633/BR-R5-HG633HG658v2-20140408/output/host/usr/bin/arm-hsan-linux-uclibcgnueabi-gcc -c -g  -fPIC  -Wall -Wcast-align -Wchar-subscripts -Wformat -Winline -Wmissing-declarations -Wmissing-prototypes -Wnested-externs -Wpointer-arith conftest.c >&5
conftest.c: In function 'main':
conftest.c:62: error: expected expression before ')' token
configure:13179: $? = 1
configure: failed program was:
| /* confdefs.h */
| #define PACKAGE_NAME ""
| #define PACKAGE_TARNAME ""
| #define PACKAGE_VERSION ""
| #define PACKAGE_STRING ""
| #define PACKAGE_BUGREPORT ""
| #define PACKAGE_URL ""
| #define PACKAGE "libosip2"
| #define VERSION "4.0.0"
| #define STDC_HEADERS 1
| #define HAVE_SYS_TYPES_H 1
| #define HAVE_SYS_STAT_H 1
| #define HAVE_STDLIB_H 1
| #define HAVE_STRING_H 1
| #define HAVE_MEMORY_H 1
| #define HAVE_STRINGS_H 1
| #define HAVE_INTTYPES_H 1
| #define HAVE_STDINT_H 1
| #define HAVE_UNISTD_H 1
| #define HAVE_DLFCN_H 1
| #define LT_OBJDIR ".libs/"
| #define HAVE_PTHREAD 1
| #define HAVE_SEMAPHORE_H 1
| #define HAVE_SYS_SEM_H 1
| #define HAVE_LRAND48 /**/
| #define STDC_HEADERS 1
| #define HAVE_STRING_H 1
| #define HAVE_STRINGS_H 1
| #define HAVE_STDLIB_H 1
| #define HAVE_UNISTD_H 1
| #define HAVE_SYS_TYPES_H 1
| #define HAVE_SYS_UNISTD_H 1
| #define HAVE_SYSLOG_H 1
| #define HAVE_CTYPE_H 1
| #define HAVE_STDIO_H 1
| #define HAVE_STDARG_H 1
| #define HAVE_FCNTL_H 1
| #define HAVE_TIME_H 1
| #define HAVE_SYS_TIME_H 1
| #define HAVE_SYS_SELECT_H 1
| #define HAVE_ASSERT_H 1
| #define HAVE_SIGNAL_H 1
| #define HAVE_SYS_SIGNAL_H 1
| #define HAVE_MALLOC_H 1
| /* end confdefs.h.  */
| 
|      #if TIME_WITH_SYS_TIME
|      # include <sys/time.h>
|      # include <time.h>
|      #else
|      # if HAVE_SYS_TIME_H
|      #  include <sys/time.h>
|      # else
|      #  include <time.h>
|      # endif
|      #endif
| 
| 
| int
| main ()
| {
| if (sizeof ((struct timeval)))
| 	    return 0;
|   ;
|   return 0;
| }
configure:13179: result: yes
configure:13350: creating ./config.status

## ---------------------- ##
## Running config.status. ##
## ---------------------- ##

This file was extended by config.status, which was
generated by GNU Autoconf 2.69.  Invocation command line was

  CONFIG_FILES    = 
  CONFIG_HEADERS  = 
  CONFIG_LINKS    = 
  CONFIG_COMMANDS = 
  $ ./config.status 

on vhg1

config.status:1140: creating libosip2.pc
config.status:1140: creating Makefile
config.status:1140: creating scripts/Makefile
config.status:1140: creating src/Makefile
config.status:1140: creating src/osipparser2/Makefile
config.status:1140: creating src/osip2/Makefile
config.status:1140: creating src/test/Makefile
config.status:1140: creating src/test/res/Makefile
config.status:1140: creating include/Makefile
config.status:1140: creating include/osip2/Makefile
config.status:1140: creating include/osipparser2/Makefile
config.status:1140: creating include/osipparser2/headers/Makefile
config.status:1140: creating help/Makefile
config.status:1140: creating help/man/Makefile
config.status:1140: creating help/doxygen/Makefile
config.status:1140: creating platform/Makefile
config.status:1140: creating platform/rpm/Makefile
config.status:1140: creating platform/vsnet/Makefile
config.status:1140: creating platform/wince/Makefile
config.status:1140: creating include/osip2/doxygen.dox
config.status:1140: creating osip-config.h
config.status:1369: executing depfiles commands
config.status:1369: executing libtool commands

## ---------------- ##
## Cache variables. ##
## ---------------- ##

Wall_cv_flag=yes
Wcast_align_cv_flag=yes
Wchar_subscripts_cv_flag=yes
Wformat_cv_flag=yes
Winline_cv_flag=yes
Wmissing_declarations_cv_flag=yes
Wmissing_prototypes_cv_flag=yes
Wnested_externs_cv_flag=yes
Wpointer_arith_cv_flag=yes
ac_cv_build=i686-pc-linux-gnu
ac_cv_c_compiler_gnu=yes
ac_cv_env_CC_set=set
ac_cv_env_CC_value='/home/luokunling/open-HG633/BR-R5-HG633HG658v2-20140408/output/host/usr/bin/ccache /home/luokunling/open-HG633/BR-R5-HG633HG658v2-20140408/output/host/usr/bin/arm-hsan-linux-uclibcgnueabi-gcc'
ac_cv_env_CFLAGS_set=
ac_cv_env_CFLAGS_value=
ac_cv_env_CPPFLAGS_set=
ac_cv_env_CPPFLAGS_value=
ac_cv_env_CPP_set=set
ac_cv_env_CPP_value=/home/luokunling/open-HG633/BR-R5-HG633HG658v2-20140408/output/host/usr/bin/arm-hsan-linux-uclibcgnueabi-cpp
ac_cv_env_LDFLAGS_set=
ac_cv_env_LDFLAGS_value=
ac_cv_env_LIBS_set=
ac_cv_env_LIBS_value=
ac_cv_env_build_alias_set=
ac_cv_env_build_alias_value=
ac_cv_env_host_alias_set=set
ac_cv_env_host_alias_value=arm-linux
ac_cv_env_target_alias_set=
ac_cv_env_target_alias_value=
ac_cv_header_assert_h=yes
ac_cv_header_ctype_h=yes
ac_cv_header_dlfcn_h=yes
ac_cv_header_fcntl_h=yes
ac_cv_header_inttypes_h=yes
ac_cv_header_malloc_h=yes
ac_cv_header_memory_h=yes
ac_cv_header_semaphore_h=yes
ac_cv_header_signal_h=yes
ac_cv_header_stdarg_h=yes
ac_cv_header_stdc=yes
ac_cv_header_stdint_h=yes
ac_cv_header_stdio_h=yes
ac_cv_header_stdlib_h=yes
ac_cv_header_string_h=yes
ac_cv_header_strings_h=yes
ac_cv_header_sys_select_h=yes
ac_cv_header_sys_sem_h=yes
ac_cv_header_sys_signal_h=yes
ac_cv_header_sys_stat_h=yes
ac_cv_header_sys_time_h=yes
ac_cv_header_sys_types_h=yes
ac_cv_header_sys_unistd_h=yes
ac_cv_header_syslog_h=yes
ac_cv_header_time_h=yes
ac_cv_header_unistd_h=yes
ac_cv_header_varargs_h=no
ac_cv_host=arm-unknown-linux-gnu
ac_cv_lib_c_lrand48=yes
ac_cv_lib_nsl_nis_add=no
ac_cv_lib_posix4_sem_open=no
ac_cv_lib_socket_sendto=no
ac_cv_objext=o
ac_cv_path_EGREP='/usr/bin/grep -E'
ac_cv_path_FGREP='/usr/bin/grep -F'
ac_cv_path_GREP=/usr/bin/grep
ac_cv_path_SED=/usr/bin/sed
ac_cv_path_install='/usr/bin/install -c'
ac_cv_path_mkdir=/bin/mkdir
ac_cv_prog_AR=/home/luokunling/open-HG633/BR-R5-HG633HG658v2-20140408/output/host/usr/bin/arm-hsan-linux-uclibcgnueabi-ar
ac_cv_prog_AWK=gawk
ac_cv_prog_CC='/home/luokunling/open-HG633/BR-R5-HG633HG658v2-20140408/output/host/usr/bin/ccache /home/luokunling/open-HG633/BR-R5-HG633HG658v2-20140408/output/host/usr/bin/arm-hsan-linux-uclibcgnueabi-gcc'
ac_cv_prog_CPP=/home/luokunling/open-HG633/BR-R5-HG633HG658v2-20140408/output/host/usr/bin/arm-hsan-linux-uclibcgnueabi-cpp
ac_cv_prog_DLLTOOL=dlltool
ac_cv_prog_OBJDUMP=/home/luokunling/open-HG633/BR-R5-HG633HG658v2-20140408/output/host/usr/bin/arm-hsan-linux-uclibcgnueabi-objdump
ac_cv_prog_PTHREAD_CC='/home/luokunling/open-HG633/BR-R5-HG633HG658v2-20140408/output/host/usr/bin/ccache /home/luokunling/open-HG633/BR-R5-HG633HG658v2-20140408/output/host/usr/bin/arm-hsan-linux-uclibcgnueabi-gcc'
ac_cv_prog_RANLIB=/home/luokunling/open-HG633/BR-R5-HG633HG658v2-20140408/output/host/usr/bin/arm-hsan-linux-uclibcgnueabi-ranlib
ac_cv_prog_STRIP=/home/luokunling/open-HG633/BR-R5-HG633HG658v2-20140408/output/host/usr/bin/arm-hsan-linux-uclibcgnueabi-strip
ac_cv_prog_ac_ct_MANIFEST_TOOL=mt
ac_cv_prog_cc_c89=
ac_cv_prog_cc_g=yes
ac_cv_prog_make_make_set=yes
ac_cv_type_struct_timeval=yes
am_cv_CC_dependencies_compiler_type=gcc3
lt_cv_ar_at_file=@
lt_cv_archive_cmds_need_lc=no
lt_cv_deplibs_check_method=pass_all
lt_cv_file_magic_cmd='$MAGIC_CMD'
lt_cv_file_magic_test_file=
lt_cv_ld_reload_flag=-r
lt_cv_nm_interface='BSD nm'
lt_cv_objdir=.libs
lt_cv_path_LD=/home/luokunling/open-HG633/BR-R5-HG633HG658v2-20140408/output/host/usr/bin/arm-hsan-linux-uclibcgnueabi-ld
lt_cv_path_NM=/home/luokunling/open-HG633/BR-R5-HG633HG658v2-20140408/output/host/usr/bin/arm-hsan-linux-uclibcgnueabi-nm
lt_cv_path_mainfest_tool=no
lt_cv_prog_compiler_c_o=yes
lt_cv_prog_compiler_pic='-fPIC -DPIC'
lt_cv_prog_compiler_pic_works=yes
lt_cv_prog_compiler_rtti_exceptions=no
lt_cv_prog_compiler_static_works=yes
lt_cv_prog_gnu_ld=yes
lt_cv_sharedlib_from_linklib_cmd='printf %s\n'
lt_cv_shlibpath_overrides_runpath=no
lt_cv_sys_global_symbol_pipe='sed -n -e '\''s/^.*[	 ]\([ABCDGIRSTW][ABCDGIRSTW]*\)[	 ][	 ]*\([_A-Za-z][_A-Za-z0-9]*\)$/\1 \2 \2/p'\'' | sed '\''/ __gnu_lto/d'\'''
lt_cv_sys_global_symbol_to_c_name_address='sed -n -e '\''s/^: \([^ ]*\)[ ]*$/  {\"\1\", (void *) 0},/p'\'' -e '\''s/^[ABCDGIRSTW]* \([^ ]*\) \([^ ]*\)$/  {"\2", (void *) \&\2},/p'\'''
lt_cv_sys_global_symbol_to_c_name_address_lib_prefix='sed -n -e '\''s/^: \([^ ]*\)[ ]*$/  {\"\1\", (void *) 0},/p'\'' -e '\''s/^[ABCDGIRSTW]* \([^ ]*\) \(lib[^ ]*\)$/  {"\2", (void *) \&\2},/p'\'' -e '\''s/^[ABCDGIRSTW]* \([^ ]*\) \([^ ]*\)$/  {"lib\2", (void *) \&\2},/p'\'''
lt_cv_sys_global_symbol_to_cdecl='sed -n -e '\''s/^T .* \(.*\)$/extern int \1();/p'\'' -e '\''s/^[ABCDGIRSTW]* .* \(.*\)$/extern char \1;/p'\'''
lt_cv_sys_max_cmd_len=805306365
lt_cv_to_host_file_cmd=func_convert_file_noop
lt_cv_to_tool_file_cmd=func_convert_file_noop

## ----------------- ##
## Output variables. ##
## ----------------- ##

ACLOCAL='${SHELL} /home/luokunling/open-HG633/BR-R5-HG633HG658v2-20140408/output/build/libosip2/libosip2/scripts/missing --run aclocal-1.11 -I scripts'
AMDEPBACKSLASH='\'
AMDEP_FALSE='#'
AMDEP_TRUE=''
AMTAR='$${TAR-tar}'
AR='/home/luokunling/open-HG633/BR-R5-HG633HG658v2-20140408/output/host/usr/bin/arm-hsan-linux-uclibcgnueabi-ar'
AS='/home/luokunling/open-HG633/BR-R5-HG633HG658v2-20140408/output/host/usr/bin/arm-hsan-linux-uclibcgnueabi-as'
AUTOCONF='${SHELL} /home/luokunling/open-HG633/BR-R5-HG633HG658v2-20140408/output/build/libosip2/libosip2/scripts/missing --run autoconf'
AUTOHEADER='${SHELL} /home/luokunling/open-HG633/BR-R5-HG633HG658v2-20140408/output/build/libosip2/libosip2/scripts/missing --run autoheader'
AUTOMAKE='${SHELL} /home/luokunling/open-HG633/BR-R5-HG633HG658v2-20140408/output/build/libosip2/libosip2/scripts/missing --run automake-1.11'
AWK='gawk'
BUILD_MAXSIZE_FALSE='#'
BUILD_MAXSIZE_TRUE=''
BUILD_MT_FALSE='#'
BUILD_MT_TRUE=''
CC='/home/luokunling/open-HG633/BR-R5-HG633HG658v2-20140408/output/host/usr/bin/ccache /home/luokunling/open-HG633/BR-R5-HG633HG658v2-20140408/output/host/usr/bin/arm-hsan-linux-uclibcgnueabi-gcc'
CCDEPMODE='depmode=gcc3'
CFLAGS='-g  -fPIC'
COMPILE_TESTS_FALSE=''
COMPILE_TESTS_TRUE='#'
CPP='/home/luokunling/open-HG633/BR-R5-HG633HG658v2-20140408/output/host/usr/bin/arm-hsan-linux-uclibcgnueabi-cpp'
CPPFLAGS=' -Wall -Wcast-align -Wchar-subscripts -Wformat -Winline -Wmissing-declarations -Wmissing-prototypes -Wnested-externs -Wpointer-arith'
CYGPATH_W='echo'
DEFS='-DHAVE_CONFIG_H'
DEPDIR='.deps'
DLLTOOL='dlltool'
DSYMUTIL=''
DUMPBIN=''
ECHO_C=''
ECHO_N='-n'
ECHO_T=''
EGREP='/usr/bin/grep -E'
EXEEXT=''
EXTRA_LIB=''
FGREP='/usr/bin/grep -F'
FSM_LIB=''
GREP='/usr/bin/grep'
INSIDE_GNOME_COMMON_FALSE=''
INSIDE_GNOME_COMMON_TRUE='#'
INSTALL_DATA='${INSTALL} -m 644'
INSTALL_PROGRAM='${INSTALL}'
INSTALL_SCRIPT='${INSTALL}'
INSTALL_STRIP_PROGRAM='$(install_sh) -c -s'
LD='/home/luokunling/open-HG633/BR-R5-HG633HG658v2-20140408/output/host/usr/bin/arm-hsan-linux-uclibcgnueabi-ld'
LDFLAGS=''
LIBOBJS=''
LIBOSIP_SO_VERSION='10:0:0'
LIBS=''
LIBTOOL='$(SHELL) $(top_builddir)/libtool'
LIPO=''
LN_S='ln -s'
LTLIBOBJS=''
MAKEINFO='${SHELL} /home/luokunling/open-HG633/BR-R5-HG633HG658v2-20140408/output/build/libosip2/libosip2/scripts/missing --run makeinfo'
MANIFEST_TOOL=':'
MKDIR_P='/bin/mkdir -p'
NM='/home/luokunling/open-HG633/BR-R5-HG633HG658v2-20140408/output/host/usr/bin/arm-hsan-linux-uclibcgnueabi-nm'
NMEDIT=''
OBJDUMP='/home/luokunling/open-HG633/BR-R5-HG633HG658v2-20140408/output/host/usr/bin/arm-hsan-linux-uclibcgnueabi-objdump'
OBJEXT='o'
OSIP_VERSION='4.0.0'
OTOOL64=''
OTOOL=''
PACKAGE='libosip2'
PACKAGE_BUGREPORT=''
PACKAGE_NAME=''
PACKAGE_STRING=''
PACKAGE_TARNAME=''
PACKAGE_URL=''
PACKAGE_VERSION=''
PARSER_LIB=''
PATH_SEPARATOR=':'
PTHREAD_CC='/home/luokunling/open-HG633/BR-R5-HG633HG658v2-20140408/output/host/usr/bin/ccache /home/luokunling/open-HG633/BR-R5-HG633HG658v2-20140408/output/host/usr/bin/arm-hsan-linux-uclibcgnueabi-gcc'
PTHREAD_CFLAGS='-pthread'
PTHREAD_LIBS=''
RANLIB='/home/luokunling/open-HG633/BR-R5-HG633HG658v2-20140408/output/host/usr/bin/arm-hsan-linux-uclibcgnueabi-ranlib'
SED='/usr/bin/sed'
SET_MAKE=''
SHELL='/bin/sh'
SIP_CFLAGS=' -g  -fPIC'
SIP_EXTRA_FLAGS=' -g -DENABLE_TRACE'
SIP_FSM_FLAGS=''
SIP_PARSER_FLAGS=''
STRIP='/home/luokunling/open-HG633/BR-R5-HG633HG658v2-20140408/output/host/usr/bin/arm-hsan-linux-uclibcgnueabi-strip'
VERSION='4.0.0'
ac_ct_AR=''
ac_ct_CC=''
ac_ct_DUMPBIN=''
am__EXEEXT_FALSE=''
am__EXEEXT_TRUE='#'
am__fastdepCC_FALSE='#'
am__fastdepCC_TRUE=''
am__include='include'
am__isrc=''
am__leading_dot='.'
am__nodep='_no'
am__quote=''
am__tar='$${TAR-tar} chof - "$$tardir"'
am__untar='$${TAR-tar} xf -'
bindir='${exec_prefix}/bin'
build='i686-pc-linux-gnu'
build_alias=''
build_cpu='i686'
build_os='linux-gnu'
build_vendor='pc'
datadir='${datarootdir}'
datarootdir='${prefix}/share'
docdir='${datarootdir}/doc/${PACKAGE}'
dvidir='${docdir}'
exec_prefix='${prefix}'
host='arm-unknown-linux-gnu'
host_alias='arm-linux'
host_cpu='arm'
host_os='linux-gnu'
host_vendor='unknown'
htmldir='${docdir}'
includedir='${prefix}/include'
infodir='${datarootdir}/info'
install_sh='${SHELL} /home/luokunling/open-HG633/BR-R5-HG633HG658v2-20140408/output/build/libosip2/libosip2/scripts/install-sh'
libdir='${exec_prefix}/lib'
libexecdir='${exec_prefix}/libexec'
localedir='${datarootdir}/locale'
localstatedir='${prefix}/var'
mandir='${datarootdir}/man'
mkdir_p='/bin/mkdir -p'
oldincludedir='/usr/include'
pdfdir='${docdir}'
prefix='/usr/local'
program_transform_name='s,x,x,'
psdir='${docdir}'
sbindir='${exec_prefix}/sbin'
sharedstatedir='${prefix}/com'
sysconfdir='${prefix}/etc'
target_alias=''

## ----------- ##
## confdefs.h. ##
## ----------- ##

/* confdefs.h */
#define PACKAGE_NAME ""
#define PACKAGE_TARNAME ""
#define PACKAGE_VERSION ""
#define PACKAGE_STRING ""
#define PACKAGE_BUGREPORT ""
#define PACKAGE_URL ""
#define PACKAGE "libosip2"
#define VERSION "4.0.0"
#define STDC_HEADERS 1
#define HAVE_SYS_TYPES_H 1
#define HAVE_SYS_STAT_H 1
#define HAVE_STDLIB_H 1
#define HAVE_STRING_H 1
#define HAVE_MEMORY_H 1
#define HAVE_STRINGS_H 1
#define HAVE_INTTYPES_H 1
#define HAVE_STDINT_H 1
#define HAVE_UNISTD_H 1
#define HAVE_DLFCN_H 1
#define LT_OBJDIR ".libs/"
#define HAVE_PTHREAD 1
#define HAVE_SEMAPHORE_H 1
#define HAVE_SYS_SEM_H 1
#define HAVE_LRAND48 /**/
#define STDC_HEADERS 1
#define HAVE_STRING_H 1
#define HAVE_STRINGS_H 1
#define HAVE_STDLIB_H 1
#define HAVE_UNISTD_H 1
#define HAVE_SYS_TYPES_H 1
#define HAVE_SYS_UNISTD_H 1
#define HAVE_SYSLOG_H 1
#define HAVE_CTYPE_H 1
#define HAVE_STDIO_H 1
#define HAVE_STDARG_H 1
#define HAVE_FCNTL_H 1
#define HAVE_TIME_H 1
#define HAVE_SYS_TIME_H 1
#define HAVE_SYS_SELECT_H 1
#define HAVE_ASSERT_H 1
#define HAVE_SIGNAL_H 1
#define HAVE_SYS_SIGNAL_H 1
#define HAVE_MALLOC_H 1
#define HAVE_STRUCT_TIMEVAL 1

configure: exit 0
